2025-08-20 12:47:58 Starting tracker
2025-08-20 12:47:58 Checking page 0...
2025-08-20 12:47:59     Finished in: 1.37 s.

2025-08-20 12:47:59 Checking page 1...
2025-08-20 12:48:00     Finished in: 0.82 s.

2025-08-20 12:48:00 Checking page 2...
2025-08-20 12:48:01     Finished in: 0.65 s.

2025-08-20 12:48:01 Checking page 3...
2025-08-20 12:48:01     Finished in: 0.65 s.

2025-08-20 12:48:01 Checking page 4...
2025-08-20 12:48:02     Finished in: 0.70 s.

2025-08-20 12:48:02 Checking page 5...
2025-08-20 12:48:03     Finished in: 0.56 s.

2025-08-20 12:48:03 Checking page 6...
2025-08-20 12:48:03     Finished in: 0.53 s.

2025-08-20 12:48:03 Checking page 7...
2025-08-20 12:48:04     Finished in: 0.73 s.

2025-08-20 12:48:04 Checking page 8...
2025-08-20 12:48:04     Finished in: 0.52 s.

2025-08-20 12:48:04 Checking page 9...
2025-08-20 12:48:05     Finished in: 0.64 s.

2025-08-20 12:48:05 Checking page 10...
2025-08-20 12:48:06 Found product: Pokemon TCG - 2025 Trainer's Toolkit
2025-08-20 12:48:06     Finished in: 0.70 s.

2025-08-20 12:48:06 Checking page 11...
2025-08-20 12:48:06     Finished in: 0.69 s.

2025-08-20 12:48:06 Checking page 12...
2025-08-20 12:48:07     Finished in: 0.63 s.

2025-08-20 12:48:07 Checking page 13...
2025-08-20 12:48:08     Finished in: 0.59 s.

2025-08-20 12:48:08 Checking page 14...
2025-08-20 12:48:08     Finished in: 0.62 s.

2025-08-20 12:48:08 Checking page 15...
2025-08-20 12:48:09     Finished in: 0.60 s.

2025-08-20 12:48:09 Checking page 16...
2025-08-20 12:48:09 Found product: Pokemon TCG Charmander M2 Deck Box
2025-08-20 12:48:09 Found product: Pokemon TCG - Ultra Pro Charmander 9-Pocket Binder
2025-08-20 12:48:09     Finished in: 0.51 s.

2025-08-20 12:48:09 Checking page 17...
2025-08-20 12:48:10     Finished in: 0.69 s.

2025-08-20 12:48:10 Checking page 18...
2025-08-20 12:48:11     Finished in: 0.72 s.

2025-08-20 12:48:11 Checking page 19...
2025-08-20 12:48:11     Finished in: 0.52 s.

2025-08-20 12:48:11 Checking page 20...
2025-08-20 12:48:12     Finished in: 0.48 s.

2025-08-20 12:48:12 Checking page 21...
2025-08-20 12:48:12     Finished in: 0.68 s.

2025-08-20 12:48:12 Checking page 22...
2025-08-20 12:48:13     Finished in: 0.69 s.

2025-08-20 12:48:13 Checking page 23...
2025-08-20 12:48:14     Finished in: 0.78 s.

2025-08-20 12:48:14 Checking page 24...
2025-08-20 12:48:14 Found product: Pokemon TCG - Ultra Pro Charmander Playmat
2025-08-20 12:48:14 Found product: Pokemon TCG - Ultra Pro Charmander 9-Pocket Portfolio
2025-08-20 12:48:14 Found product: Pokemon TCG - Ultra Pro Charmander 2" Album
2025-08-20 12:48:14 Found product: Pokemon TCG - Ultra Pro Pikachu 9-Pocket Portfolio
2025-08-20 12:48:14 Found product: Pokemon TCG - Ultra Pro Charmander 65ct Deck Protector Sleeves
2025-08-20 12:48:14 Found product: Pokemon TCG - Ultra Pro Pikachu 65ct Deck Protector Sleeves
2025-08-20 12:48:14 Found product: Pokemon TCG - Ultra Pro Charmander Full View Deck Box
2025-08-20 12:48:14 Found product: Pokemon TCG - Ultra Pro Charmander 4-Pocket Portfolio
2025-08-20 12:48:14     Finished in: 0.56 s.

2025-08-20 12:48:14 Checking page 25...
2025-08-20 12:48:15     Finished in: 0.55 s.

2025-08-20 12:48:15 Checking page 26...
2025-08-20 12:48:16 Found product: Pokemon TCG - Slashing Legends Tin
2025-08-20 12:48:16 Found product: Pokemon TCG - Ultra Pro Portfolio 9-Pocket Scarlet & Violet 10 Destined Rivals
2025-08-20 12:48:16 Found product: Pokemon TCG - Ultra Pro Pikachu 2" Album
2025-08-20 12:48:16     Finished in: 0.56 s.

2025-08-20 12:48:16 Checking page 27...
2025-08-20 12:48:16     Finished in: 0.56 s.

2025-08-20 12:48:16 Checking page 28...
2025-08-20 12:48:17     Finished in: 0.69 s.

2025-08-20 12:48:17 Checking page 29...
2025-08-20 12:48:17     Finished in: 0.62 s.

2025-08-20 12:48:17 Checking page 30...
2025-08-20 12:48:18     Finished in: 0.66 s.

2025-08-20 12:48:18 Checking page 31...
2025-08-20 12:48:19     Finished in: 0.75 s.

2025-08-20 12:48:19 Checking page 32...
2025-08-20 12:48:19     Finished in: 0.60 s.

2025-08-20 12:48:19 Checking page 33...
2025-08-20 12:48:20     Finished in: 0.55 s.

2025-08-20 12:48:20 Checking page 34...
2025-08-20 12:48:21     Finished in: 0.58 s.

2025-08-20 12:48:21 Checking page 35...
2025-08-20 12:48:21     Finished in: 0.82 s.

2025-08-20 12:48:21 Checking page 36...
2025-08-20 12:48:22 Found product: Pokemon TCG - Ultra Pro Portfolio 9-Pocket Mega Evolutions
2025-08-20 12:48:22     Finished in: 0.61 s.

2025-08-20 12:48:22 Checking page 37...
2025-08-20 12:48:23     Finished in: 0.65 s.

2025-08-20 12:48:23 Checking page 38...
2025-08-20 12:48:23     Finished in: 0.80 s.

2025-08-20 12:48:23 Checking page 39...
2025-08-20 12:48:24     Finished in: 0.61 s.

2025-08-20 12:48:24 Checking page 40...
2025-08-20 12:48:25     Finished in: 0.72 s.

2025-08-20 12:48:25 Checking page 41...
2025-08-20 12:48:25     Finished in: 0.60 s.

2025-08-20 12:48:25 Checking page 42...
2025-08-20 12:48:26     Finished in: 0.50 s.

2025-08-20 12:48:26 Checking page 43...
2025-08-20 12:48:27 Found product: Pokemon TCG - Mini Portfolio Greninja
2025-08-20 12:48:27 Found product: Pokemon TCG - 2024 World Championship Deck
2025-08-20 12:48:27 Found product: Pokemon TCG - Ultra Pro Playmat Greninja
2025-08-20 12:48:27 Found product: Pokemon TCG - Dragapult ex League Battle Deck
2025-08-20 12:48:27 Found product: Pokemon TCG - Ultra Pro Playmat Shimmering Skyline
2025-08-20 12:48:27     Finished in: 0.68 s.

2025-08-20 12:48:27 Checking page 44...
2025-08-20 12:48:27     Finished in: 0.64 s.

2025-08-20 12:48:27 Checking page 45...
2025-08-20 12:48:28     Finished in: 0.66 s.

2025-08-20 12:48:28 Checking page 46...
2025-08-20 12:48:28     Finished in: 0.65 s.

2025-08-20 12:48:28 Checking page 47...
2025-08-20 12:48:29     Finished in: 0.76 s.

2025-08-20 12:48:29 Checking page 48...
2025-08-20 12:48:30     Finished in: 0.63 s.

2025-08-20 12:48:30 Checking page 49...
2025-08-20 12:48:31     Finished in: 0.65 s.

2025-08-20 12:48:31 Checking page 50...
2025-08-20 12:48:32     Finished in: 1.33 s.

2025-08-20 12:48:32 Checking page 51...
2025-08-20 12:48:34     Finished in: 1.90 s.

2025-08-20 12:48:34 Checking page 52...
2025-08-20 12:48:36     Finished in: 1.94 s.

2025-08-20 12:48:36 Checking page 53...
2025-08-20 12:48:38     Finished in: 2.19 s.

2025-08-20 12:48:38 Checking page 54...
2025-08-20 12:48:40     Finished in: 1.95 s.

2025-08-20 12:48:40 Checking page 55...
2025-08-20 12:48:42     Finished in: 1.96 s.

2025-08-20 12:48:42 Checking page 56...
2025-08-20 12:48:44     Finished in: 1.90 s.

2025-08-20 12:48:44 Checking page 57...
2025-08-20 12:48:46     Finished in: 1.89 s.

2025-08-20 12:48:46 Checking page 58...
2025-08-20 12:48:47     Finished in: 1.87 s.

2025-08-20 12:48:47 Checking page 59...
2025-08-20 12:48:50     Finished in: 2.10 s.

2025-08-20 12:48:50 Checking page 60...
2025-08-20 12:48:51     Finished in: 1.88 s.

2025-08-20 12:48:51 Checking page 61...
2025-08-20 12:48:53     Finished in: 1.67 s.

2025-08-20 12:48:53 Checking page 62...
2025-08-20 12:48:55     Finished in: 1.96 s.

2025-08-20 12:48:55 Checking page 63...
2025-08-20 12:48:57     Finished in: 1.71 s.

2025-08-20 12:48:57 Checking page 64...
2025-08-20 12:48:59     Finished in: 1.91 s.

2025-08-20 12:48:59 Checking page 65...
2025-08-20 12:49:00     Finished in: 1.78 s.

2025-08-20 12:49:00 Checking page 66...
2025-08-20 12:49:02     Finished in: 1.62 s.

2025-08-20 12:49:02 Checking page 67...
2025-08-20 12:49:04     Finished in: 1.63 s.

2025-08-20 12:49:04 Checking page 68...
2025-08-20 12:49:05     Finished in: 1.55 s.

2025-08-20 12:49:05 Checking page 69...
2025-08-20 12:49:07     Finished in: 1.70 s.

2025-08-20 12:49:07 Checking page 70...
2025-08-20 12:49:09     Finished in: 1.64 s.

2025-08-20 12:49:09 Checking page 71...
2025-08-20 12:49:10     Finished in: 1.52 s.

2025-08-20 12:49:10 Checking page 72...
2025-08-20 12:49:12     Finished in: 1.64 s.

2025-08-20 12:49:12 Checking page 73...
2025-08-20 12:49:14     Finished in: 2.00 s.

2025-08-20 12:49:14 Checking page 74...
2025-08-20 12:49:15     Finished in: 1.60 s.

2025-08-20 12:49:15 Checking page 75...
2025-08-20 12:49:17     Finished in: 1.55 s.

2025-08-20 12:49:17 Checking page 76...
2025-08-20 12:49:19     Finished in: 1.69 s.

2025-08-20 12:49:19 Checking page 77...
2025-08-20 12:49:20     Finished in: 1.69 s.

2025-08-20 12:49:20 Checking page 78...
2025-08-20 12:49:22     Finished in: 1.98 s.

2025-08-20 12:49:22 Checking page 79...
2025-08-20 12:49:24     Finished in: 1.71 s.

2025-08-20 12:49:24 Checking page 80...
2025-08-20 12:49:26     Finished in: 1.78 s.

2025-08-20 12:49:26 Checking page 81...
2025-08-20 12:49:28     Finished in: 2.30 s.

2025-08-20 12:49:28 Checking page 82...
2025-08-20 12:49:30     Finished in: 2.07 s.

2025-08-20 12:49:30 Checking page 83...
2025-08-20 12:49:32     Finished in: 1.58 s.

2025-08-20 12:49:32 Checking page 84...
2025-08-20 12:49:33     Finished in: 1.43 s.

2025-08-20 12:49:33 Checking page 85...
2025-08-20 12:49:35     Finished in: 1.73 s.

2025-08-20 12:49:35 Checking page 86...
2025-08-20 12:49:37     Finished in: 1.97 s.

2025-08-20 12:49:37 Checking page 87...
2025-08-20 12:49:39     Finished in: 2.00 s.

2025-08-20 12:49:39 Checking page 88...
2025-08-20 12:49:41     Finished in: 1.71 s.

2025-08-20 12:49:41 Checking page 89...
2025-08-20 12:49:42     Finished in: 1.61 s.

2025-08-20 12:49:42 Checking page 90...
2025-08-20 12:49:44     Finished in: 1.92 s.

2025-08-20 12:49:44 Checking page 91...
2025-08-20 12:49:46     Finished in: 1.72 s.

2025-08-20 12:49:46 Checking page 92...
2025-08-20 12:49:48     Finished in: 2.10 s.

2025-08-20 12:49:48 Checking page 93...
2025-08-20 12:49:50     Finished in: 1.99 s.

2025-08-20 12:49:50 Checking page 94...
2025-08-20 12:49:52     Finished in: 2.19 s.

2025-08-20 12:49:52 Checking page 95...
2025-08-20 12:49:54     Finished in: 1.99 s.

2025-08-20 12:49:54 Checking page 96...
2025-08-20 12:49:56     Finished in: 1.65 s.

2025-08-20 12:49:56 Checking page 97...
2025-08-20 12:49:57     Finished in: 1.68 s.

2025-08-20 12:49:57 Checking page 98...
2025-08-20 12:50:00     Finished in: 2.15 s.

2025-08-20 12:50:00 Checking page 99...
2025-08-20 12:50:02     Finished in: 2.39 s.

2025-08-20 12:50:02 20 products found.
2025-08-20 12:50:02 Scraping finished in: 124.22 s.
2025-08-20 12:50:02 Tracker finished
2025-08-20 12:50:02 Found 0 new products!
2025-08-20 12:50:02 0 products have been removed.
2025-08-20 12:50:02 Changes commited.
43